<?xml version="1.0" encoding="UTF-8"?>
<testsuite name="Creacion exitosa de usuario y orden" tests="1" skipped="0" failures="0" errors="0" timestamp="2022-08-27T18:05:34" hostname="DESKTOP-P3OGUBB" time="3.418">
  <properties/>
  <testcase name="Creacion de la orden" classname="Creacion exitosa de usuario y orden" time="3.418"/>
  <system-out><![CDATA[{"code":200,"type":"unknown","message":"9222968140497227006"}
{"code":200,"type":"unknown","message":"0"}
{"code":200,"type":"unknown","message":"0"}
]]></system-out>
  <system-err><![CDATA[]]></system-err>
</testsuite>
